This is XeTeX, Version 3.141592653-2.6-0.999996 (TeX Live 2024) (preloaded format=xelatex 2025.2.18)  18 FEB 2025 22:21
entering extended mode
 restricted \write18 enabled.
 %&-line parsing enabled.
**index.tex
(./index.tex
LaTeX2e <2024-11-01> patch level 2
L3 programming layer <2025-01-18>
(c:/Users/matth/AppData/Roaming/TinyTeX/texmf-dist/tex/latex/koma-script/scrreprt.cls
Document Class: scrreprt 2024/10/24 v3.43 KOMA-Script document class (report)
(c:/Users/matth/AppData/Roaming/TinyTeX/texmf-dist/tex/latex/koma-script/scrkbase.sty
Package: scrkbase 2024/10/24 v3.43 KOMA-Script package (KOMA-Script-dependent basics and keyval usage)
(c:/Users/matth/AppData/Roaming/TinyTeX/texmf-dist/tex/latex/koma-script/scrbase.sty
Package: scrbase 2024/10/24 v3.43 KOMA-Script package (KOMA-Script-independent basics and keyval usage)
(c:/Users/matth/AppData/Roaming/TinyTeX/texmf-dist/tex/latex/koma-script/scrlfile.sty
Package: scrlfile 2024/10/24 v3.43 KOMA-Script package (file load hooks)
(c:/Users/matth/AppData/Roaming/TinyTeX/texmf-dist/tex/latex/koma-script/scrlfile-hook.sty
Package: scrlfile-hook 2024/10/24 v3.43 KOMA-Script package (using LaTeX hooks)
(c:/Users/matth/AppData/Roaming/TinyTeX/texmf-dist/tex/latex/koma-script/scrlogo.sty
Package: scrlogo 2024/10/24 v3.43 KOMA-Script package (logo)
))) (c:/Users/matth/AppData/Roaming/TinyTeX/texmf-dist/tex/latex/graphics/keyval.sty
Package: keyval 2022/05/29 v1.15 key=value parser (DPC)
\KV@toks@=\toks17
)
Applying: [2021/05/01] Usage of raw or classic option list on input line 254.
Already applied: [0000/00/00] Usage of raw or classic option list on input line 370.
)) (c:/Users/matth/AppData/Roaming/TinyTeX/texmf-dist/tex/latex/koma-script/tocbasic.sty
Package: tocbasic 2024/10/24 v3.43 KOMA-Script package (handling toc-files)
\scr@dte@tocline@numberwidth=\skip49
\scr@dte@tocline@numbox=\box52
)
Package tocbasic Info: omitting babel extension for `toc'
(tocbasic)             because of feature `nobabel' available
(tocbasic)             for `toc' on input line 137.
Class scrreprt Info: File `scrsize11pt.clo' used instead of
(scrreprt)           file `scrsize11.clo' to setup font sizes on input line 2713.
(c:/Users/matth/AppData/Roaming/TinyTeX/texmf-dist/tex/latex/koma-script/scrsize11pt.clo
File: scrsize11pt.clo 2024/10/24 v3.43 KOMA-Script font size class option (11pt)
) (c:/Users/matth/AppData/Roaming/TinyTeX/texmf-dist/tex/latex/koma-script/typearea.sty
Package: typearea 2024/10/24 v3.43 KOMA-Script package (type area)
\ta@bcor=\skip50
\ta@div=\count192
Package typearea Info: You've used standard option `letterpaper'.
(typearea)             This is correct!
(typearea)             Internally I'm using `paper=letter'.
(typearea)             If you'd like to set the option with \KOMAoptions,
(typearea)             you'd have to use `paper=letter' there
(typearea)             instead of `letterpaper', too.
\ta@hblk=\skip51
\ta@vblk=\skip52
\ta@temp=\skip53
\footheight=\skip54
Package typearea Info: These are the values describing the layout:
(typearea)             DIV  = 11
(typearea)             BCOR = 0.0pt
(typearea)             \paperwidth      = 614.295pt
(typearea)              \textwidth      = 446.76004pt
(typearea)              DIV departure   = -14%
(typearea)              \evensidemargin = 11.49748pt
(typearea)              \oddsidemargin  = 11.49748pt
(typearea)             \paperheight     = 794.96999pt
(typearea)              \textheight     = 582.20026pt
(typearea)              \topmargin      = -37.40001pt
(typearea)              \headheight     = 17.0pt
(typearea)              \headsep        = 20.40001pt
(typearea)              \topskip        = 11.0pt
(typearea)              \footskip       = 47.6pt
(typearea)              \baselineskip   = 13.6pt
(typearea)              on input line 1802.
)
\c@part=\count193
\c@chapter=\count194
\c@section=\count195
\c@subsection=\count196
\c@subsubsection=\count197
\c@paragraph=\count198
\c@subparagraph=\count199
\scr@dte@chapter@maxnumwidth=\skip55
Class scrreprt Info: using compatibility default `afterindent=bysign'
(scrreprt)           for `\chapter on input line 6020.
\scr@dte@section@maxnumwidth=\skip56
Class scrreprt Info: using compatibility default `runin=bysign'
(scrreprt)           for `\section on input line 6031.
Class scrreprt Info: using compatibility default `afterindent=bysign'
(scrreprt)           for `\section on input line 6031.
\scr@dte@part@maxnumwidth=\skip57
Class scrreprt Info: using compatibility default `afterindent=true'
(scrreprt)           for `\part on input line 6040.
\scr@dte@subsection@maxnumwidth=\skip58
Class scrreprt Info: using compatibility default `runin=bysign'
(scrreprt)           for `\subsection on input line 6050.
Class scrreprt Info: using compatibility default `afterindent=bysign'
(scrreprt)           for `\subsection on input line 6050.
\scr@dte@subsubsection@maxnumwidth=\skip59
Class scrreprt Info: using compatibility default `runin=bysign'
(scrreprt)           for `\subsubsection on input line 6060.
Class scrreprt Info: using compatibility default `afterindent=bysign'
(scrreprt)           for `\subsubsection on input line 6060.
\scr@dte@paragraph@maxnumwidth=\skip60
Class scrreprt Info: using compatibility default `runin=bysign'
(scrreprt)           for `\paragraph on input line 6071.
Class scrreprt Info: using compatibility default `afterindent=bysign'
(scrreprt)           for `\paragraph on input line 6071.
\scr@dte@subparagraph@maxnumwidth=\skip61
Class scrreprt Info: using compatibility default `runin=bysign'
(scrreprt)           for `\subparagraph on input line 6081.
Class scrreprt Info: using compatibility default `afterindent=bysign'
(scrreprt)           for `\subparagraph on input line 6081.
\abovecaptionskip=\skip62
\belowcaptionskip=\skip63
\c@pti@nb@sid@b@x=\box53
Package tocbasic Info: omitting babel extension for `lof'
(tocbasic)             because of feature `nobabel' available
(tocbasic)             for `lof' on input line 7269.
\scr@dte@figure@maxnumwidth=\skip64
\c@figure=\count266
Package tocbasic Info: omitting babel extension for `lot'
(tocbasic)             because of feature `nobabel' available
(tocbasic)             for `lot' on input line 7286.
\scr@dte@table@maxnumwidth=\skip65
\c@table=\count267
Class scrreprt Info: Redefining `\numberline' on input line 7457.
\bibindent=\dimen141
) (c:/Users/matth/AppData/Roaming/TinyTeX/texmf-dist/tex/latex/amsmath/amsmath.sty
Package: amsmath 2024/11/05 v2.17t AMS math features
\@mathmargin=\skip66
For additional information on amsmath, use the `?' option.
(c:/Users/matth/AppData/Roaming/TinyTeX/texmf-dist/tex/latex/amsmath/amstext.sty
Package: amstext 2021/08/26 v2.01 AMS text
(c:/Users/matth/AppData/Roaming/TinyTeX/texmf-dist/tex/latex/amsmath/amsgen.sty
File: amsgen.sty 1999/11/30 v2.0 generic functions
\@emptytoks=\toks18
\ex@=\dimen142
)) (c:/Users/matth/AppData/Roaming/TinyTeX/texmf-dist/tex/latex/amsmath/amsbsy.sty
Package: amsbsy 1999/11/29 v1.2d Bold Symbols
\pmbraise@=\dimen143
) (c:/Users/matth/AppData/Roaming/TinyTeX/texmf-dist/tex/latex/amsmath/amsopn.sty
Package: amsopn 2022/04/08 v2.04 operator names
)
\inf@bad=\count268
LaTeX Info: Redefining \frac on input line 233.
\uproot@=\count269
\leftroot@=\count270
LaTeX Info: Redefining \overline on input line 398.
LaTeX Info: Redefining \colon on input line 409.
\classnum@=\count271
\DOTSCASE@=\count272
LaTeX Info: Redefining \ldots on input line 495.
LaTeX Info: Redefining \dots on input line 498.
LaTeX Info: Redefining \cdots on input line 619.
\Mathstrutbox@=\box54
\strutbox@=\box55
LaTeX Info: Redefining \big on input line 721.
LaTeX Info: Redefining \Big on input line 722.
LaTeX Info: Redefining \bigg on input line 723.
LaTeX Info: Redefining \Bigg on input line 724.
\big@size=\dimen144
LaTeX Font Info:    Redeclaring font encoding OML on input line 742.
LaTeX Font Info:    Redeclaring font encoding OMS on input line 743.
\macc@depth=\count273
LaTeX Info: Redefining \bmod on input line 904.
LaTeX Info: Redefining \pmod on input line 909.
LaTeX Info: Redefining \smash on input line 939.
LaTeX Info: Redefining \relbar on input line 969.
LaTeX Info: Redefining \Relbar on input line 970.
\c@MaxMatrixCols=\count274
\dotsspace@=\muskip17
\c@parentequation=\count275
\dspbrk@lvl=\count276
\tag@help=\toks19
\row@=\count277
\column@=\count278
\maxfields@=\count279
\andhelp@=\toks20
\eqnshift@=\dimen145
\alignsep@=\dimen146
\tagshift@=\dimen147
\tagwidth@=\dimen148
\totwidth@=\dimen149
\lineht@=\dimen150
\@envbody=\toks21
\multlinegap=\skip67
\multlinetaggap=\skip68
\mathdisplay@stack=\toks22
LaTeX Info: Redefining \[ on input line 2953.
LaTeX Info: Redefining \] on input line 2954.
) (c:/Users/matth/AppData/Roaming/TinyTeX/texmf-dist/tex/latex/amsfonts/amssymb.sty
Package: amssymb 2013/01/14 v3.01 AMS font symbols
(c:/Users/matth/AppData/Roaming/TinyTeX/texmf-dist/tex/latex/amsfonts/amsfonts.sty
Package: amsfonts 2013/01/14 v3.01 Basic AMSFonts support
\symAMSa=\mathgroup4
\symAMSb=\mathgroup5
LaTeX Font Info:    Redeclaring math symbol \hbar on input line 98.
LaTeX Font Info:    Overwriting math alphabet `\mathfrak' in version `bold'
(Font)                  U/euf/m/n --> U/euf/b/n on input line 106.
)) (c:/Users/matth/AppData/Roaming/TinyTeX/texmf-dist/tex/generic/iftex/iftex.sty
Package: iftex 2024/12/12 v1.0g TeX engine tests
) (c:/Users/matth/AppData/Roaming/TinyTeX/texmf-dist/tex/latex/unicode-math/unicode-math.sty (c:/Users/matth/AppData/Roaming/TinyTeX/texmf-dist/tex/latex/l3kernel/expl3.sty
Package: expl3 2025-01-18 L3 programming layer (loader) 
(c:/Users/matth/AppData/Roaming/TinyTeX/texmf-dist/tex/latex/l3backend/l3backend-xetex.def
File: l3backend-xetex.def 2024-05-08 L3 backend support: XeTeX
\g__graphics_track_int=\count280
\l__pdf_internal_box=\box56
\g__pdf_backend_annotation_int=\count281
\g__pdf_backend_link_int=\count282
))
Package: unicode-math 2023/08/13 v0.8r Unicode maths in XeLaTeX and LuaLaTeX
(c:/Users/matth/AppData/Roaming/TinyTeX/texmf-dist/tex/latex/unicode-math/unicode-math-xetex.sty
Package: unicode-math-xetex 2023/08/13 v0.8r Unicode maths in XeLaTeX and LuaLaTeX
(c:/Users/matth/AppData/Roaming/TinyTeX/texmf-dist/tex/latex/l3packages/xparse/xparse.sty
Package: xparse 2024-08-16 L3 Experimental document command parser
) (c:/Users/matth/AppData/Roaming/TinyTeX/texmf-dist/tex/latex/l3packages/l3keys2e/l3keys2e.sty
Package: l3keys2e 2024-08-16 LaTeX2e option processing using LaTeX3 keys
) (c:/Users/matth/AppData/Roaming/TinyTeX/texmf-dist/tex/latex/fontspec/fontspec.sty
Package: fontspec 2024/05/11 v2.9e Font selection for XeLaTeX and LuaLaTeX
(c:/Users/matth/AppData/Roaming/TinyTeX/texmf-dist/tex/latex/fontspec/fontspec-xetex.sty
Package: fontspec-xetex 2024/05/11 v2.9e Font selection for XeLaTeX and LuaLaTeX
\l__fontspec_script_int=\count283
\l__fontspec_language_int=\count284
\l__fontspec_strnum_int=\count285
\l__fontspec_tmp_int=\count286
\l__fontspec_tmpa_int=\count287
\l__fontspec_tmpb_int=\count288
\l__fontspec_tmpc_int=\count289
\l__fontspec_em_int=\count290
\l__fontspec_emdef_int=\count291
\l__fontspec_strong_int=\count292
\l__fontspec_strongdef_int=\count293
\l__fontspec_tmpa_dim=\dimen151
\l__fontspec_tmpb_dim=\dimen152
\l__fontspec_tmpc_dim=\dimen153
(c:/Users/matth/AppData/Roaming/TinyTeX/texmf-dist/tex/latex/base/fontenc.sty
Package: fontenc 2021/04/29 v2.0v Standard LaTeX package
) (c:/Users/matth/AppData/Roaming/TinyTeX/texmf-dist/tex/latex/fontspec/fontspec.cfg))) (c:/Users/matth/AppData/Roaming/TinyTeX/texmf-dist/tex/latex/base/fix-cm.sty
Package: fix-cm 2020/11/24 v1.1t fixes to LaTeX
(c:/Users/matth/AppData/Roaming/TinyTeX/texmf-dist/tex/latex/base/ts1enc.def
File: ts1enc.def 2001/06/05 v3.0e (jk/car/fm) Standard LaTeX file
LaTeX Font Info:    Redeclaring font encoding TS1 on input line 47.
))
\g__um_fam_int=\count294
\g__um_fonts_used_int=\count295
\l__um_primecount_int=\count296
\g__um_primekern_muskip=\muskip18
(c:/Users/matth/AppData/Roaming/TinyTeX/texmf-dist/tex/latex/unicode-math/unicode-math-table.tex))) (c:/Users/matth/AppData/Roaming/TinyTeX/texmf-dist/tex/latex/lm/lmodern.sty
Package: lmodern 2015/05/01 v1.6.1 Latin Modern Fonts
LaTeX Font Info:    Overwriting symbol font `operators' in version `normal'
(Font)                  OT1/cmr/m/n --> OT1/lmr/m/n on input line 22.
LaTeX Font Info:    Overwriting symbol font `letters' in version `normal'
(Font)                  OML/cmm/m/it --> OML/lmm/m/it on input line 23.
LaTeX Font Info:    Overwriting symbol font `symbols' in version `normal'
(Font)                  OMS/cmsy/m/n --> OMS/lmsy/m/n on input line 24.
LaTeX Font Info:    Overwriting symbol font `largesymbols' in version `normal'
(Font)                  OMX/cmex/m/n --> OMX/lmex/m/n on input line 25.
LaTeX Font Info:    Overwriting symbol font `operators' in version `bold'
(Font)                  OT1/cmr/bx/n --> OT1/lmr/bx/n on input line 26.
LaTeX Font Info:    Overwriting symbol font `letters' in version `bold'
(Font)                  OML/cmm/b/it --> OML/lmm/b/it on input line 27.
LaTeX Font Info:    Overwriting symbol font `symbols' in version `bold'
(Font)                  OMS/cmsy/b/n --> OMS/lmsy/b/n on input line 28.
LaTeX Font Info:    Overwriting symbol font `largesymbols' in version `bold'
(Font)                  OMX/cmex/m/n --> OMX/lmex/m/n on input line 29.
LaTeX Font Info:    Overwriting math alphabet `\mathbf' in version `normal'
(Font)                  OT1/cmr/bx/n --> OT1/lmr/bx/n on input line 31.
LaTeX Font Info:    Overwriting math alphabet `\mathsf' in version `normal'
(Font)                  OT1/cmss/m/n --> OT1/lmss/m/n on input line 32.
LaTeX Font Info:    Overwriting math alphabet `\mathit' in version `normal'
(Font)                  OT1/cmr/m/it --> OT1/lmr/m/it on input line 33.
LaTeX Font Info:    Overwriting math alphabet `\mathtt' in version `normal'
(Font)                  OT1/cmtt/m/n --> OT1/lmtt/m/n on input line 34.
LaTeX Font Info:    Overwriting math alphabet `\mathbf' in version `bold'
(Font)                  OT1/cmr/bx/n --> OT1/lmr/bx/n on input line 35.
LaTeX Font Info:    Overwriting math alphabet `\mathsf' in version `bold'
(Font)                  OT1/cmss/bx/n --> OT1/lmss/bx/n on input line 36.
LaTeX Font Info:    Overwriting math alphabet `\mathit' in version `bold'
(Font)                  OT1/cmr/bx/it --> OT1/lmr/bx/it on input line 37.
LaTeX Font Info:    Overwriting math alphabet `\mathtt' in version `bold'
(Font)                  OT1/cmtt/m/n --> OT1/lmtt/m/n on input line 38.
) (c:/Users/matth/AppData/Roaming/TinyTeX/texmf-dist/tex/latex/upquote/upquote.sty
Package: upquote 2012/04/19 v1.3 upright-quote and grave-accent glyphs in verbatim
(c:/Users/matth/AppData/Roaming/TinyTeX/texmf-dist/tex/latex/base/textcomp.sty
Package: textcomp 2024/04/24 v2.1b Standard LaTeX package
)) (c:/Users/matth/AppData/Roaming/TinyTeX/texmf-dist/tex/latex/microtype/microtype.sty
Package: microtype 2025/02/11 v3.2a Micro-typographical refinements (RS)
(c:/Users/matth/AppData/Roaming/TinyTeX/texmf-dist/tex/latex/etoolbox/etoolbox.sty
Package: etoolbox 2025/02/11 v2.5l e-TeX tools for LaTeX (JAW)
\etb@tempcnta=\count297
)
\MT@toks=\toks23
\MT@tempbox=\box57
\MT@count=\count298
LaTeX Info: Redefining \noprotrusionifhmode on input line 1087.
LaTeX Info: Redefining \leftprotrusion on input line 1088.
\MT@prot@toks=\toks24
LaTeX Info: Redefining \rightprotrusion on input line 1107.
LaTeX Info: Redefining \textls on input line 1449.
\MT@outer@kern=\dimen154
LaTeX Info: Redefining \microtypecontext on input line 2053.
LaTeX Info: Redefining \textmicrotypecontext on input line 2070.
\MT@listname@count=\count299
(c:/Users/matth/AppData/Roaming/TinyTeX/texmf-dist/tex/latex/microtype/microtype-xetex.def
File: microtype-xetex.def 2025/02/11 v3.2a Definitions specific to xetex (RS)
LaTeX Info: Redefining \lsstyle on input line 443.
LaTeX Info: Redefining \lslig on input line 451.
\MT@outer@space=\skip69
)
Package microtype Info: Loading configuration file microtype.cfg.
(c:/Users/matth/AppData/Roaming/TinyTeX/texmf-dist/tex/latex/microtype/microtype.cfg
File: microtype.cfg 2025/02/11 v3.2a microtype main configuration file (RS)
)
LaTeX Info: Redefining \microtypesetup on input line 3065.
) (c:/Users/matth/AppData/Roaming/TinyTeX/texmf-dist/tex/latex/xcolor/xcolor.sty
Package: xcolor 2024/09/29 v3.02 LaTeX color extensions (UK)
(c:/Users/matth/AppData/Roaming/TinyTeX/texmf-dist/tex/latex/graphics-cfg/color.cfg
File: color.cfg 2016/01/02 v1.6 sample color configuration
)
Package xcolor Info: Driver file: xetex.def on input line 274.
(c:/Users/matth/AppData/Roaming/TinyTeX/texmf-dist/tex/latex/graphics-def/xetex.def
File: xetex.def 2022/09/22 v5.0n Graphics/color driver for xetex
) (c:/Users/matth/AppData/Roaming/TinyTeX/texmf-dist/tex/latex/graphics/mathcolor.ltx)
Package xcolor Info: Model `cmy' substituted by `cmy0' on input line 1349.
Package xcolor Info: Model `RGB' extended on input line 1365.
Package xcolor Info: Model `HTML' substituted by `rgb' on input line 1367.
Package xcolor Info: Model `Hsb' substituted by `hsb' on input line 1368.
Package xcolor Info: Model `tHsb' substituted by `hsb' on input line 1369.
Package xcolor Info: Model `HSB' substituted by `hsb' on input line 1370.
Package xcolor Info: Model `Gray' substituted by `gray' on input line 1371.
Package xcolor Info: Model `wave' substituted by `hsb' on input line 1372.
) (c:/Users/matth/AppData/Roaming/TinyTeX/texmf-dist/tex/latex/graphics/dvipsnam.def
File: dvipsnam.def 2016/06/17 v3.0m Driver-dependent file (DPC,SPQR)
) (c:/Users/matth/AppData/Roaming/TinyTeX/texmf-dist/tex/latex/xcolor/svgnam.def
File: svgnam.def 2024/09/29 v3.02 Predefined colors according to SVG 1.1 (UK)
) (c:/Users/matth/AppData/Roaming/TinyTeX/texmf-dist/tex/latex/xcolor/x11nam.def
File: x11nam.def 2024/09/29 v3.02 Predefined colors according to Unix/X11 (UK)
) (c:/Users/matth/AppData/Roaming/TinyTeX/texmf-dist/tex/latex/fancyvrb/fancyvrb.sty
Package: fancyvrb 2024/01/20 4.5c verbatim text (tvz,hv)
\FV@CodeLineNo=\count300
\FV@InFile=\read2
\FV@TabBox=\box58
\c@FancyVerbLine=\count301
\FV@StepNumber=\count302
\FV@OutFile=\write3
) (c:/Users/matth/AppData/Roaming/TinyTeX/texmf-dist/tex/latex/framed/framed.sty
Package: framed 2011/10/22 v 0.96: framed or shaded text with page breaks
\OuterFrameSep=\skip70
\fb@frw=\dimen155
\fb@frh=\dimen156
\FrameRule=\dimen157
\FrameSep=\dimen158
) (c:/Users/matth/AppData/Roaming/TinyTeX/texmf-dist/tex/latex/tools/longtable.sty
Package: longtable 2024-10-27 v4.22 Multi-page Table package (DPC)
\LTleft=\skip71
\LTright=\skip72
\LTpre=\skip73
\LTpost=\skip74
\LTchunksize=\count303
\LTcapwidth=\dimen159
\LT@head=\box59
\LT@firsthead=\box60
\LT@foot=\box61
\LT@lastfoot=\box62
\LT@gbox=\box63
\LT@cols=\count304
\LT@rows=\count305
\c@LT@tables=\count306
\c@LT@chunks=\count307
\LT@p@ftn=\toks25
)
Class scrreprt Info: longtable captions redefined on input line 112.
(c:/Users/matth/AppData/Roaming/TinyTeX/texmf-dist/tex/latex/booktabs/booktabs.sty
Package: booktabs 2020/01/12 v1.61803398 Publication quality tables
\heavyrulewidth=\dimen160
\lightrulewidth=\dimen161
\cmidrulewidth=\dimen162
\belowrulesep=\dimen163
\belowbottomsep=\dimen164
\aboverulesep=\dimen165
\abovetopsep=\dimen166
\cmidrulesep=\dimen167
\cmidrulekern=\dimen168
\defaultaddspace=\dimen169
\@cmidla=\count308
\@cmidlb=\count309
\@aboverulesep=\dimen170
\@belowrulesep=\dimen171
\@thisruleclass=\count310
\@lastruleclass=\count311
\@thisrulewidth=\dimen172
) (c:/Users/matth/AppData/Roaming/TinyTeX/texmf-dist/tex/latex/tools/array.sty
Package: array 2024/10/17 v2.6g Tabular extension package (FMi)
\col@sep=\dimen173
\ar@mcellbox=\box64
\extrarowheight=\dimen174
\NC@list=\toks26
\extratabsurround=\skip75
\backup@length=\skip76
\ar@cellbox=\box65
) (c:/Users/matth/AppData/Roaming/TinyTeX/texmf-dist/tex/latex/multirow/multirow.sty
Package: multirow 2024/11/12 v2.9 Span multiple rows of a table
\multirow@colwidth=\skip77
\multirow@cntb=\count312
\multirow@dima=\skip78
\bigstrutjot=\dimen175
) (c:/Users/matth/AppData/Roaming/TinyTeX/texmf-dist/tex/latex/tools/calc.sty
Package: calc 2023/07/08 v4.3 Infix arithmetic (KKT,FJ)
\calc@Acount=\count313
\calc@Bcount=\count314
\calc@Adimen=\dimen176
\calc@Bdimen=\dimen177
\calc@Askip=\skip79
\calc@Bskip=\skip80
LaTeX Info: Redefining \setlength on input line 80.
LaTeX Info: Redefining \addtolength on input line 81.
\calc@Ccount=\count315
\calc@Cskip=\skip81
) (c:/Users/matth/AppData/Roaming/TinyTeX/texmf-dist/tex/latex/mdwtools/footnote.sty
Package: footnote 1997/01/28 1.13 Save footnotes around boxes
\fn@notes=\box66
\fn@width=\dimen178
) (c:/Users/matth/AppData/Roaming/TinyTeX/texmf-dist/tex/latex/graphics/graphicx.sty
Package: graphicx 2021/09/16 v1.2d Enhanced LaTeX Graphics (DPC,SPQR)
(c:/Users/matth/AppData/Roaming/TinyTeX/texmf-dist/tex/latex/graphics/graphics.sty
Package: graphics 2024/08/06 v1.4g Standard LaTeX Graphics (DPC,SPQR)
(c:/Users/matth/AppData/Roaming/TinyTeX/texmf-dist/tex/latex/graphics/trig.sty
Package: trig 2023/12/02 v1.11 sin cos tan (DPC)
) (c:/Users/matth/AppData/Roaming/TinyTeX/texmf-dist/tex/latex/graphics-cfg/graphics.cfg
File: graphics.cfg 2016/06/04 v1.11 sample graphics configuration
)
Package graphics Info: Driver file: xetex.def on input line 106.
)
\Gin@req@height=\dimen179
\Gin@req@width=\dimen180
)
\pandoc@box=\box67
(c:/Users/matth/AppData/Roaming/TinyTeX/texmf-dist/tex/latex/bookmark/bookmark.sty
Package: bookmark 2023-12-10 v1.31 PDF bookmarks (HO)
(c:/Users/matth/AppData/Roaming/TinyTeX/texmf-dist/tex/latex/hyperref/hyperref.sty
Package: hyperref 2024-11-05 v7.01l Hypertext links for LaTeX
(c:/Users/matth/AppData/Roaming/TinyTeX/texmf-dist/tex/latex/kvsetkeys/kvsetkeys.sty
Package: kvsetkeys 2022-10-05 v1.19 Key value parser (HO)
) (c:/Users/matth/AppData/Roaming/TinyTeX/texmf-dist/tex/generic/kvdefinekeys/kvdefinekeys.sty
Package: kvdefinekeys 2019-12-19 v1.6 Define keys (HO)
) (c:/Users/matth/AppData/Roaming/TinyTeX/texmf-dist/tex/generic/pdfescape/pdfescape.sty
Package: pdfescape 2019/12/09 v1.15 Implements pdfTeX's escape features (HO)
(c:/Users/matth/AppData/Roaming/TinyTeX/texmf-dist/tex/generic/ltxcmds/ltxcmds.sty
Package: ltxcmds 2023-12-04 v1.26 LaTeX kernel commands for general use (HO)
) (c:/Users/matth/AppData/Roaming/TinyTeX/texmf-dist/tex/generic/pdftexcmds/pdftexcmds.sty
Package: pdftexcmds 2020-06-27 v0.33 Utility functions of pdfTeX for LuaTeX (HO)
(c:/Users/matth/AppData/Roaming/TinyTeX/texmf-dist/tex/generic/infwarerr/infwarerr.sty
Package: infwarerr 2019/12/03 v1.5 Providing info/warning/error messages (HO)
)
Package pdftexcmds Info: \pdf@primitive is available.
Package pdftexcmds Info: \pdf@ifprimitive is available.
Package pdftexcmds Info: \pdfdraftmode not found.
)) (c:/Users/matth/AppData/Roaming/TinyTeX/texmf-dist/tex/latex/hycolor/hycolor.sty
Package: hycolor 2020-01-27 v1.10 Color options for hyperref/bookmark (HO)
) (c:/Users/matth/AppData/Roaming/TinyTeX/texmf-dist/tex/latex/hyperref/nameref.sty
Package: nameref 2023-11-26 v2.56 Cross-referencing by name of section
(c:/Users/matth/AppData/Roaming/TinyTeX/texmf-dist/tex/latex/refcount/refcount.sty
Package: refcount 2019/12/15 v3.6 Data extraction from label references (HO)
) (c:/Users/matth/AppData/Roaming/TinyTeX/texmf-dist/tex/generic/gettitlestring/gettitlestring.sty
Package: gettitlestring 2019/12/15 v1.6 Cleanup title references (HO)
(c:/Users/matth/AppData/Roaming/TinyTeX/texmf-dist/tex/latex/kvoptions/kvoptions.sty
Package: kvoptions 2022-06-15 v3.15 Key value format for package options (HO)
))
\c@section@level=\count316
) (c:/Users/matth/AppData/Roaming/TinyTeX/texmf-dist/tex/generic/stringenc/stringenc.sty
Package: stringenc 2019/11/29 v1.12 Convert strings between diff. encodings (HO)
)
\@linkdim=\dimen181
\Hy@linkcounter=\count317
\Hy@pagecounter=\count318
(c:/Users/matth/AppData/Roaming/TinyTeX/texmf-dist/tex/latex/hyperref/pd1enc.def
File: pd1enc.def 2024-11-05 v7.01l Hyperref: PDFDocEncoding definition (HO)
) (c:/Users/matth/AppData/Roaming/TinyTeX/texmf-dist/tex/generic/intcalc/intcalc.sty
Package: intcalc 2019/12/15 v1.3 Expandable calculations with integers (HO)
)
\Hy@SavedSpaceFactor=\count319
(c:/Users/matth/AppData/Roaming/TinyTeX/texmf-dist/tex/latex/hyperref/puenc.def
File: puenc.def 2024-11-05 v7.01l Hyperref: PDF Unicode definition (HO)
)
Package hyperref Info: Option `unicode' set `true' on input line 4040.
Package hyperref Info: Hyper figures OFF on input line 4157.
Package hyperref Info: Link nesting OFF on input line 4162.
Package hyperref Info: Hyper index ON on input line 4165.
Package hyperref Info: Plain pages OFF on input line 4172.
Package hyperref Info: Backreferencing OFF on input line 4177.
Package hyperref Info: Implicit mode ON; LaTeX internals redefined.
Package hyperref Info: Bookmarks ON on input line 4424.
\c@Hy@tempcnt=\count320
(c:/Users/matth/AppData/Roaming/TinyTeX/texmf-dist/tex/latex/url/url.sty
\Urlmuskip=\muskip19
Package: url 2013/09/16  ver 3.4  Verb mode for urls, etc.
)
LaTeX Info: Redefining \url on input line 4763.
\XeTeXLinkMargin=\dimen182
(c:/Users/matth/AppData/Roaming/TinyTeX/texmf-dist/tex/generic/bitset/bitset.sty
Package: bitset 2019/12/09 v1.3 Handle bit-vector datatype (HO)
(c:/Users/matth/AppData/Roaming/TinyTeX/texmf-dist/tex/generic/bigintcalc/bigintcalc.sty
Package: bigintcalc 2019/12/15 v1.5 Expandable calculations on big integers (HO)
))
\Fld@menulength=\count321
\Field@Width=\dimen183
\Fld@charsize=\dimen184
Package hyperref Info: Hyper figures OFF on input line 6042.
Package hyperref Info: Link nesting OFF on input line 6047.
Package hyperref Info: Hyper index ON on input line 6050.
Package hyperref Info: backreferencing OFF on input line 6057.
Package hyperref Info: Link coloring OFF on input line 6062.
Package hyperref Info: Link coloring with OCG OFF on input line 6067.
Package hyperref Info: PDF/A mode OFF on input line 6072.
(c:/Users/matth/AppData/Roaming/TinyTeX/texmf-dist/tex/latex/base/atbegshi-ltx.sty
Package: atbegshi-ltx 2021/01/10 v1.0c Emulation of the original atbegshi
package with kernel methods
)
\Hy@abspage=\count322
\c@Item=\count323
\c@Hfootnote=\count324
)
Package hyperref Info: Driver (autodetected): hxetex.
(c:/Users/matth/AppData/Roaming/TinyTeX/texmf-dist/tex/latex/hyperref/hxetex.def
File: hxetex.def 2024-11-05 v7.01l Hyperref driver for XeTeX
\pdfm@box=\box68
\c@Hy@AnnotLevel=\count325
\HyField@AnnotCount=\count326
\Fld@listcount=\count327
\c@bookmark@seq@number=\count328
(c:/Users/matth/AppData/Roaming/TinyTeX/texmf-dist/tex/latex/rerunfilecheck/rerunfilecheck.sty
Package: rerunfilecheck 2022-07-10 v1.10 Rerun checks for auxiliary files (HO)
(c:/Users/matth/AppData/Roaming/TinyTeX/texmf-dist/tex/latex/base/atveryend-ltx.sty
Package: atveryend-ltx 2020/08/19 v1.0a Emulation of the original atveryend package
with kernel methods
) (c:/Users/matth/AppData/Roaming/TinyTeX/texmf-dist/tex/generic/uniquecounter/uniquecounter.sty
Package: uniquecounter 2019/12/15 v1.4 Provide unlimited unique counter (HO)
)
Package uniquecounter Info: New unique counter `rerunfilecheck' on input line 285.
)
\Hy@SectionHShift=\skip82
) (c:/Users/matth/AppData/Roaming/TinyTeX/texmf-dist/tex/latex/bookmark/bkm-dvipdfm.def
File: bkm-dvipdfm.def 2023-12-10 v1.31 bookmark driver for dvipdfm (HO)
\BKM@id=\count329
)) (c:/Users/matth/AppData/Roaming/TinyTeX/texmf-dist/tex/latex/caption/caption.sty
Package: caption 2023/08/05 v3.6o Customizing captions (AR)
(c:/Users/matth/AppData/Roaming/TinyTeX/texmf-dist/tex/latex/caption/caption3.sty
Package: caption3 2023/07/31 v2.4d caption3 kernel (AR)
\caption@tempdima=\dimen185
\captionmargin=\dimen186
\caption@leftmargin=\dimen187
\caption@rightmargin=\dimen188
\caption@width=\dimen189
\caption@indent=\dimen190
\caption@parindent=\dimen191
\caption@hangindent=\dimen192
Package caption Info: KOMA-Script document class detected.
(c:/Users/matth/AppData/Roaming/TinyTeX/texmf-dist/tex/latex/caption/caption-koma.sto
File: caption-koma.sto 2023/09/08 v2.0e Adaption of the caption package to the KOMA-Script document classes (AR)
))
\c@caption@flags=\count330
\c@continuedfloat=\count331
Package caption Info: hyperref package is loaded.
Package caption Info: longtable package is loaded.
(c:/Users/matth/AppData/Roaming/TinyTeX/texmf-dist/tex/latex/caption/ltcaption.sty
Package: ltcaption 2021/01/08 v1.4c longtable captions (AR)
)
Package caption Info: KOMA-Script scrextend package detected.
\caption@addmargin@hsize=\dimen193
\caption@addmargin@linewidth=\dimen194
) (c:/Users/matth/AppData/Roaming/TinyTeX/texmf-dist/tex/latex/float/float.sty
Package: float 2001/11/08 v1.3d Float enhancements (AL)
\c@float@type=\count332
\float@exts=\toks27
\float@box=\box69
\@float@everytoks=\toks28
\@floatcapt=\box70
)
\@float@every@codelisting=\toks29
\c@codelisting=\count333
(c:/Users/matth/AppData/Roaming/TinyTeX/texmf-dist/tex/latex/caption/subcaption.sty
Package: subcaption 2023/07/28 v1.6b Sub-captions (AR)
Package caption Info: New subtype `subfigure' on input line 238.
\c@subfigure=\count334
Package caption Info: New subtype `subtable' on input line 238.
\c@subtable=\count335
)
Package hyperref Info: Option `colorlinks' set `true' on input line 196.
No file index.aux.
\openout1 = `index.aux'.

LaTeX Font Info:    Checking defaults for OML/cmm/m/it on input line 203.
LaTeX Font Info:    ... okay on input line 203.
LaTeX Font Info:    Checking defaults for OMS/cmsy/m/n on input line 203.
LaTeX Font Info:    ... okay on input line 203.
LaTeX Font Info:    Checking defaults for OT1/cmr/m/n on input line 203.
LaTeX Font Info:    ... okay on input line 203.
LaTeX Font Info:    Checking defaults for T1/cmr/m/n on input line 203.
LaTeX Font Info:    ... okay on input line 203.
LaTeX Font Info:    Checking defaults for TS1/cmr/m/n on input line 203.
LaTeX Font Info:    ... okay on input line 203.
LaTeX Font Info:    Checking defaults for TU/lmr/m/n on input line 203.
LaTeX Font Info:    ... okay on input line 203.
LaTeX Font Info:    Checking defaults for OMX/cmex/m/n on input line 203.
LaTeX Font Info:    ... okay on input line 203.
LaTeX Font Info:    Checking defaults for U/cmr/m/n on input line 203.
LaTeX Font Info:    ... okay on input line 203.
LaTeX Font Info:    Checking defaults for PD1/pdf/m/n on input line 203.
LaTeX Font Info:    ... okay on input line 203.
LaTeX Font Info:    Checking defaults for PU/pdf/m/n on input line 203.
LaTeX Font Info:    ... okay on input line 203.
Package scrbase Info: activating english \abstractname on input line 203.
Package scrbase Info: activating english \partname on input line 203.
Package scrbase Info: activating english \chaptername on input line 203.
Package scrbase Info: activating english \appendixname on input line 203.
Package scrbase Info: activating english \figurename on input line 203.
Package scrbase Info: activating english \tablename on input line 203.
Package scrbase Info: activating english \contentsname on input line 203.
Package scrbase Info: activating english \listfigurename on input line 203.
Package scrbase Info: activating english \listtablename on input line 203.
Package scrbase Info: activating english \bibname on input line 203.
Package scrbase Info: activating english \indexname on input line 203.
LaTeX Font Info:    Overwriting math alphabet `\mathrm' in version `normal'
(Font)                  OT1/lmr/m/n --> TU/lmr/m/n on input line 203.
LaTeX Font Info:    Overwriting math alphabet `\mathit' in version `normal'
(Font)                  OT1/lmr/m/it --> TU/lmr/m/it on input line 203.
LaTeX Font Info:    Overwriting math alphabet `\mathbf' in version `normal'
(Font)                  OT1/lmr/bx/n --> TU/lmr/bx/n on input line 203.
LaTeX Font Info:    Overwriting math alphabet `\mathsf' in version `normal'
(Font)                  OT1/lmss/m/n --> TU/lmss/m/n on input line 203.
LaTeX Font Info:    Overwriting math alphabet `\mathsf' in version `bold'
(Font)                  OT1/lmss/bx/n --> TU/lmss/bx/n on input line 203.
LaTeX Font Info:    Overwriting math alphabet `\mathtt' in version `normal'
(Font)                  OT1/lmtt/m/n --> TU/lmtt/m/n on input line 203.
LaTeX Font Info:    Overwriting math alphabet `\mathtt' in version `bold'
(Font)                  OT1/lmtt/m/n --> TU/lmtt/bx/n on input line 203.

Package fontspec Info: 
(fontspec)             latinmodern-math scale = 0.9999967668407183.


Package fontspec Info: 
(fontspec)             latinmodern-math scale = 0.9999967668407183.


Package fontspec Info: 
(fontspec)             latinmodern-math scale = 0.9999967668407183.


Package fontspec Info: 
(fontspec)             Font family 'latinmodern-math.otf(0)' created for font
(fontspec)             'latinmodern-math.otf' with options
(fontspec)             [Scale=MatchLowercase,BoldItalicFont={},ItalicFont={},SmallCapsFont={},Script=Math,BoldFont={latinmodern-math.otf}].
(fontspec)              
(fontspec)              This font family consists of the following NFSS
(fontspec)             series/shapes:
(fontspec)              
(fontspec)             - 'normal' (m/n) with NFSS spec.:
(fontspec)             <->s*[0.9999967668407183]"[latinmodern-math.otf]/OT:script=math;language=dflt;"
(fontspec)             - 'bold' (b/n) with NFSS spec.:
(fontspec)             <->s*[0.9999967668407183]"[latinmodern-math.otf]/OT:script=math;language=dflt;"

LaTeX Font Info:    Font shape `TU/latinmodern-math.otf(0)/m/n' will be
(Font)              scaled to size 10.95pt on input line 203.

Package fontspec Info: 
(fontspec)             latinmodern-math scale = 0.9999967668407183.


Package fontspec Info: 
(fontspec)             latinmodern-math scale = 0.9999967668407183.


Package fontspec Info: 
(fontspec)             latinmodern-math scale = 0.9999967668407183.


Package fontspec Info: 
(fontspec)             latinmodern-math scale = 0.9999967668407183.


Package fontspec Info: 
(fontspec)             latinmodern-math scale = 0.9999967668407183.


Package fontspec Info: 
(fontspec)             Font family 'latinmodern-math.otf(1)' created for font
(fontspec)             'latinmodern-math.otf' with options
(fontspec)             [Scale=MatchLowercase,BoldItalicFont={},ItalicFont={},SmallCapsFont={},Script=Math,SizeFeatures={{Size=9.3075-},{Size=6.57-9.3075,Font=latinmodern-math.otf,Style=MathScript},{Size=-6.57,Font=latinmodern-math.otf,Style=MathScriptScript}},BoldFont={latinmodern-math.otf}].
(fontspec)              
(fontspec)              This font family consists of the following NFSS
(fontspec)             series/shapes:
(fontspec)              
(fontspec)             - 'normal' (m/n) with NFSS spec.:
(fontspec)             <9.3075->s*[0.9999967668407183]"[latinmodern-math.otf]/OT:script=math;language=dflt;"<6.57-9.3075>s*[0.9999967668407183]"[latinmodern-math.otf]/OT:script=math;language=dflt;+ssty=0;"<-6.57>s*[0.9999967668407183]"[latinmodern-math.otf]/OT:script=math;language=dflt;+ssty=1;"
(fontspec)             - 'bold' (b/n) with NFSS spec.:
(fontspec)             <->s*[0.9999967668407183]"[latinmodern-math.otf]/OT:script=math;language=dflt;"

LaTeX Font Info:    Font shape `TU/latinmodern-math.otf(1)/m/n' will be
(Font)              scaled to size 10.95pt on input line 203.
LaTeX Font Info:    Encoding `OT1' has changed to `TU' for symbol font
(Font)              `operators' in the math version `normal' on input line 203.
LaTeX Font Info:    Overwriting symbol font `operators' in version `normal'
(Font)                  OT1/lmr/m/n --> TU/latinmodern-math.otf(1)/m/n on input line 203.
LaTeX Font Info:    Encoding `OT1' has changed to `TU' for symbol font
(Font)              `operators' in the math version `bold' on input line 203.
LaTeX Font Info:    Overwriting symbol font `operators' in version `bold'
(Font)                  OT1/lmr/bx/n --> TU/latinmodern-math.otf(1)/b/n on input line 203.

Package fontspec Info: 
(fontspec)             latinmodern-math scale = 0.9999967668407183.


Package fontspec Info: 
(fontspec)             latinmodern-math scale = 1.000096766517402.


Package fontspec Info: 
(fontspec)             latinmodern-math scale = 0.9999967668407183.


Package fontspec Info: 
(fontspec)             latinmodern-math scale = 1.000096766517402.


Package fontspec Info: 
(fontspec)             latinmodern-math scale = 0.9999967668407183.


Package fontspec Info: 
(fontspec)             latinmodern-math scale = 1.000096766517402.


Package fontspec Info: 
(fontspec)             latinmodern-math scale = 0.9999967668407183.


Package fontspec Info: 
(fontspec)             latinmodern-math scale = 1.000096766517402.


Package fontspec Info: 
(fontspec)             latinmodern-math scale = 0.9999967668407183.


Package fontspec Info: 
(fontspec)             latinmodern-math scale = 1.000096766517402.


Package fontspec Info: 
(fontspec)             Font family 'latinmodern-math.otf(2)' created for font
(fontspec)             'latinmodern-math.otf' with options
(fontspec)             [Scale=MatchLowercase,BoldItalicFont={},ItalicFont={},SmallCapsFont={},Script=Math,SizeFeatures={{Size=9.3075-},{Size=6.57-9.3075,Font=latinmodern-math.otf,Style=MathScript},{Size=-6.57,Font=latinmodern-math.otf,Style=MathScriptScript}},BoldFont={latinmodern-math.otf},ScaleAgain=1.0001,FontAdjustment={\fontdimen
(fontspec)             8\font =7.41315pt\relax \fontdimen 9\font
(fontspec)             =4.3143pt\relax \fontdimen 10\font =4.8618pt\relax
(fontspec)             \fontdimen 11\font =7.5117pt\relax \fontdimen 12\font
(fontspec)             =3.77776pt\relax \fontdimen 13\font =3.97485pt\relax
(fontspec)             \fontdimen 14\font =3.97485pt\relax \fontdimen 15\font
(fontspec)             =3.16455pt\relax \fontdimen 16\font =2.70465pt\relax
(fontspec)             \fontdimen 17\font =2.70465pt\relax \fontdimen 18\font
(fontspec)             =2.7375pt\relax \fontdimen 19\font =2.19pt\relax
(fontspec)             \fontdimen 22\font =2.7375pt\relax \fontdimen 20\font
(fontspec)             =0pt\relax \fontdimen 21\font =0pt\relax }].
(fontspec)              
(fontspec)              This font family consists of the following NFSS
(fontspec)             series/shapes:
(fontspec)              
(fontspec)             - 'normal' (m/n) with NFSS spec.:
(fontspec)             <9.3075->s*[1.000096766517402]"[latinmodern-math.otf]/OT:script=math;language=dflt;"<6.57-9.3075>s*[1.000096766517402]"[latinmodern-math.otf]/OT:script=math;language=dflt;+ssty=0;"<-6.57>s*[1.000096766517402]"[latinmodern-math.otf]/OT:script=math;language=dflt;+ssty=1;"
(fontspec)             - 'bold' (b/n) with NFSS spec.:
(fontspec)             <->s*[1.000096766517402]"[latinmodern-math.otf]/OT:script=math;language=dflt;"

LaTeX Font Info:    Encoding `OMS' has changed to `TU' for symbol font
(Font)              `symbols' in the math version `normal' on input line 203.
LaTeX Font Info:    Overwriting symbol font `symbols' in version `normal'
(Font)                  OMS/lmsy/m/n --> TU/latinmodern-math.otf(2)/m/n on input line 203.
LaTeX Font Info:    Encoding `OMS' has changed to `TU' for symbol font
(Font)              `symbols' in the math version `bold' on input line 203.
LaTeX Font Info:    Overwriting symbol font `symbols' in version `bold'
(Font)                  OMS/lmsy/b/n --> TU/latinmodern-math.otf(2)/b/n on input line 203.

Package fontspec Info: 
(fontspec)             latinmodern-math scale = 0.9999967668407183.


Package fontspec Info: 
(fontspec)             latinmodern-math scale = 0.9998967671640342.


Package fontspec Info: 
(fontspec)             latinmodern-math scale = 0.9999967668407183.


Package fontspec Info: 
(fontspec)             latinmodern-math scale = 0.9998967671640342.


Package fontspec Info: 
(fontspec)             latinmodern-math scale = 0.9999967668407183.


Package fontspec Info: 
(fontspec)             latinmodern-math scale = 0.9998967671640342.


Package fontspec Info: 
(fontspec)             latinmodern-math scale = 0.9999967668407183.


Package fontspec Info: 
(fontspec)             latinmodern-math scale = 0.9998967671640342.


Package fontspec Info: 
(fontspec)             latinmodern-math scale = 0.9999967668407183.


Package fontspec Info: 
(fontspec)             latinmodern-math scale = 0.9998967671640342.


Package fontspec Info: 
(fontspec)             Font family 'latinmodern-math.otf(3)' created for font
(fontspec)             'latinmodern-math.otf' with options
(fontspec)             [Scale=MatchLowercase,BoldItalicFont={},ItalicFont={},SmallCapsFont={},Script=Math,SizeFeatures={{Size=9.3075-},{Size=6.57-9.3075,Font=latinmodern-math.otf,Style=MathScript},{Size=-6.57,Font=latinmodern-math.otf,Style=MathScriptScript}},BoldFont={latinmodern-math.otf},ScaleAgain=0.9999,FontAdjustment={\fontdimen
(fontspec)             8\font =0.438pt\relax \fontdimen 9\font =2.19pt\relax
(fontspec)             \fontdimen 10\font =1.82864pt\relax \fontdimen 11\font
(fontspec)             =1.21545pt\relax \fontdimen 12\font =6.56999pt\relax
(fontspec)             \fontdimen 13\font =0pt\relax }].
(fontspec)              
(fontspec)              This font family consists of the following NFSS
(fontspec)             series/shapes:
(fontspec)              
(fontspec)             - 'normal' (m/n) with NFSS spec.:
(fontspec)             <9.3075->s*[0.9998967671640342]"[latinmodern-math.otf]/OT:script=math;language=dflt;"<6.57-9.3075>s*[0.9998967671640342]"[latinmodern-math.otf]/OT:script=math;language=dflt;+ssty=0;"<-6.57>s*[0.9998967671640342]"[latinmodern-math.otf]/OT:script=math;language=dflt;+ssty=1;"
(fontspec)             - 'bold' (b/n) with NFSS spec.:
(fontspec)             <->s*[0.9998967671640342]"[latinmodern-math.otf]/OT:script=math;language=dflt;"

LaTeX Font Info:    Encoding `OMX' has changed to `TU' for symbol font
(Font)              `largesymbols' in the math version `normal' on input line 203.
LaTeX Font Info:    Overwriting symbol font `largesymbols' in version `normal'
(Font)                  OMX/lmex/m/n --> TU/latinmodern-math.otf(3)/m/n on input line 203.
LaTeX Font Info:    Encoding `OMX' has changed to `TU' for symbol font
(Font)              `largesymbols' in the math version `bold' on input line 203.
LaTeX Font Info:    Overwriting symbol font `largesymbols' in version `bold'
(Font)                  OMX/lmex/m/n --> TU/latinmodern-math.otf(3)/b/n on input line 203.
LaTeX Info: Redefining \microtypecontext on input line 203.
Package microtype Info: Applying patch `item' on input line 203.
Package microtype Info: Applying patch `toc' on input line 203.
Package microtype Info: Applying patch `eqnum' on input line 203.
Package microtype Info: Applying patch `footnote' on input line 203.
Package microtype Info: Applying patch `verbatim' on input line 203.
LaTeX Info: Redefining \microtypesetup on input line 203.
Package microtype Info: Character protrusion enabled (level 2).
Package microtype Info: Using protrusion set `basicmath'.
Package microtype Info: No adjustment of tracking.
Package microtype Info: No adjustment of spacing.
Package microtype Info: No adjustment of kerning.
(c:/Users/matth/AppData/Roaming/TinyTeX/texmf-dist/tex/latex/microtype/mt-LatinModernRoman.cfg
File: mt-LatinModernRoman.cfg 2021/02/21 v1.1 microtype config. file: Latin Modern Roman (RS)
)
Package hyperref Info: Link coloring ON on input line 203.

Package hyperref Warning: Rerun to get /PageLabels entry.

Package caption Info: Begin \AtBeginDocument code.
Package caption Info: float package is loaded.
Package caption Info: End \AtBeginDocument code.
Package microtype Info: Loading generic protrusion settings for font family
(microtype)             `lmss' (encoding: TU).
(microtype)             For optimal results, create family-specific settings.
(microtype)             See the microtype manual for details.
LaTeX Font Info:    Font shape `TU/latinmodern-math.otf(1)/m/n' will be
(Font)              scaled to size 14.4pt on input line 205.
LaTeX Font Info:    Font shape `TU/latinmodern-math.otf(1)/m/n' will be
(Font)              scaled to size 10.0pt on input line 205.
LaTeX Font Info:    Font shape `TU/latinmodern-math.otf(1)/m/n' will be
(Font)              scaled to size 7.0pt on input line 205.
LaTeX Font Info:    Trying to load font information for OML+lmm on input line 205.
(c:/Users/matth/AppData/Roaming/TinyTeX/texmf-dist/tex/latex/lm/omllmm.fd
File: omllmm.fd 2015/05/01 v1.6.1 Font defs for Latin Modern
)
LaTeX Font Info:    Font shape `TU/latinmodern-math.otf(2)/m/n' will be
(Font)              scaled to size 14.4013pt on input line 205.
LaTeX Font Info:    Font shape `TU/latinmodern-math.otf(2)/m/n' will be
(Font)              scaled to size 10.00092pt on input line 205.
LaTeX Font Info:    Font shape `TU/latinmodern-math.otf(2)/m/n' will be
(Font)              scaled to size 7.00064pt on input line 205.
LaTeX Font Info:    Font shape `TU/latinmodern-math.otf(3)/m/n' will be
(Font)              scaled to size 14.39845pt on input line 205.
LaTeX Font Info:    Font shape `TU/latinmodern-math.otf(3)/m/n' will be
(Font)              scaled to size 9.99893pt on input line 205.
LaTeX Font Info:    Font shape `TU/latinmodern-math.otf(3)/m/n' will be
(Font)              scaled to size 6.99925pt on input line 205.
LaTeX Font Info:    Trying to load font information for U+msa on input line 205.
(c:/Users/matth/AppData/Roaming/TinyTeX/texmf-dist/tex/latex/amsfonts/umsa.fd
File: umsa.fd 2013/01/14 v3.01 AMS symbols A
) (c:/Users/matth/AppData/Roaming/TinyTeX/texmf-dist/tex/latex/microtype/mt-msa.cfg
File: mt-msa.cfg 2006/02/04 v1.1 microtype config. file: AMS symbols (a) (RS)
)
LaTeX Font Info:    Trying to load font information for U+msb on input line 205.
(c:/Users/matth/AppData/Roaming/TinyTeX/texmf-dist/tex/latex/amsfonts/umsb.fd
File: umsb.fd 2013/01/14 v3.01 AMS symbols B
) (c:/Users/matth/AppData/Roaming/TinyTeX/texmf-dist/tex/latex/microtype/mt-msb.cfg
File: mt-msb.cfg 2005/06/01 v1.0 microtype config. file: AMS symbols (b) (RS)
)

[1



]
Package tocbasic Info: character protrusion at toc deactivated on input line 210.
No file index.toc.
\tf@toc=\write4
\openout4 = `index.toc'.



[2

]
Underfull \hbox (badness 1715) in paragraph at lines 237--241
[]\TU/lmr/m/n/10.95 The website is \TU/lmr/bx/n/10.95 free to use \TU/lmr/m/n/10.95 and is licensed under the [][]Attribution-NonCommercial-
 []



[3

]

[4]

[5

]

[6]
LaTeX Font Info:    Font shape `TU/lmtt/bx/n' in size <10.95> not available
(Font)              Font shape `TU/lmtt/b/n' tried instead on input line 474.

Overfull \hbox (23.43076pt too wide) in paragraph at lines 498--499
[]\TU/lmr/bx/n/10.95 Mark 
 []


Overfull \hbox (28.1502pt too wide) in paragraph at lines 498--499
\TU/lmr/bx/n/10.95 Range  
 []


Overfull \hbox (45.35745pt too wide) in paragraph at lines 508--509
[]\TU/lmr/bx/n/10.95 Interactive 
 []


Overfull \hbox (76.63065pt too wide) in paragraph at lines 508--509
\TU/lmr/bx/n/10.95 Map/Dashboard 
 []


Overfull \hbox (13.4163pt too wide) in paragraph at lines 508--509
\TU/lmr/bx/n/10.95 Fully 
 []


Overfull \hbox (20.2053pt too wide) in paragraph at lines 508--509
\TU/lmr/bx/n/10.95 Work- 
 []


Overfull \hbox (2.69626pt too wide) in paragraph at lines 508--509
\TU/lmr/bx/n/10.95 ing 
 []


Overfull \hbox (5.95937pt too wide) in paragraph at lines 508--509
\TU/lmr/bx/n/10.95 (re- 
 []


Overfull \hbox (25.8993pt too wide) in paragraph at lines 508--509
\TU/lmr/bx/n/10.95 quired)  
 []


Overfull \hbox (10.68198pt too wide) in paragraph at lines 510--511
[]\TU/lmr/bx/n/10.95 API 
 []


Overfull \hbox (9.99213pt too wide) in paragraph at lines 510--511
\TU/lmr/bx/n/10.95 Call 
 []


Overfull \hbox (7.83499pt too wide) in paragraph at lines 510--511
\TU/lmr/bx/n/10.95 (re- 
 []


Overfull \hbox (27.77493pt too wide) in paragraph at lines 510--511
\TU/lmr/bx/n/10.95 quired) 
 []


Overfull \hbox (13.38663pt too wide) in paragraph at lines 510--511
\TU/lmr/bx/n/10.95 (A1)  
 []


Overfull \hbox (4.00546pt too wide) in paragraph at lines 516--516
[]|\TU/lmr/bx/n/10.95 0- 
 []


Overfull \hbox (6.10786pt too wide) in paragraph at lines 516--516
\TU/lmr/bx/n/10.95 15|  
 []


Overfull \hbox (1.47304pt too wide) in paragraph at lines 519--520
[]|\TU/lmr/m/n/10.95 No|  
 []


Overfull \hbox (10.30171pt too wide) in paragraph at lines 520--520
[]|\TU/lmr/bx/n/10.95 16- 
 []


Overfull \hbox (6.10786pt too wide) in paragraph at lines 520--520
\TU/lmr/bx/n/10.95 39|  
 []


Overfull \hbox (27.4761pt too wide) in paragraph at lines 524--524
[]|\TU/lmr/m/n/10.95 Partially|  
 []


Overfull \hbox (1.47304pt too wide) in paragraph at lines 525--526
[]|\TU/lmr/m/n/10.95 No|  
 []


Overfull \hbox (10.30171pt too wide) in paragraph at lines 526--526
[]|\TU/lmr/bx/n/10.95 40- 
 []


Overfull \hbox (6.10786pt too wide) in paragraph at lines 526--526
\TU/lmr/bx/n/10.95 49|  
 []


Overfull \hbox (27.4761pt too wide) in paragraph at lines 532--532
[]|\TU/lmr/m/n/10.95 Partially|  
 []


Overfull \hbox (1.47304pt too wide) in paragraph at lines 532--533
[]|\TU/lmr/m/n/10.95 No|  
 []


Overfull \hbox (10.30171pt too wide) in paragraph at lines 533--533
[]|\TU/lmr/bx/n/10.95 50- 
 []


Overfull \hbox (6.10786pt too wide) in paragraph at lines 533--533
\TU/lmr/bx/n/10.95 59|  
 []


Overfull \hbox (27.4761pt too wide) in paragraph at lines 538--538
[]|\TU/lmr/m/n/10.95 Partially|  
 []


Overfull \hbox (4.26529pt too wide) in paragraph at lines 538--539
[]|\TU/lmr/m/n/10.95 Yes|  
 []


Overfull \hbox (10.30171pt too wide) in paragraph at lines 539--539
[]|\TU/lmr/bx/n/10.95 60- 
 []


Overfull \hbox (6.10786pt too wide) in paragraph at lines 539--539
\TU/lmr/bx/n/10.95 69|  
 []


Overfull \hbox (2.38966pt too wide) in paragraph at lines 546--546
[]|\TU/lmr/m/n/10.95 Yes|  
 []


Overfull \hbox (4.26529pt too wide) in paragraph at lines 546--547
[]|\TU/lmr/m/n/10.95 Yes|  
 []


Overfull \hbox (10.30171pt too wide) in paragraph at lines 547--547
[]|\TU/lmr/bx/n/10.95 70- 
 []


Overfull \hbox (6.10786pt too wide) in paragraph at lines 547--547
\TU/lmr/bx/n/10.95 79|  
 []


Overfull \hbox (2.38966pt too wide) in paragraph at lines 554--554
[]|\TU/lmr/m/n/10.95 Yes|  
 []


Overfull \hbox (4.26529pt too wide) in paragraph at lines 554--555
[]|\TU/lmr/m/n/10.95 Yes|  
 []


Overfull \hbox (10.30171pt too wide) in paragraph at lines 555--555
[]|\TU/lmr/bx/n/10.95 80- 
 []


Overfull \hbox (12.40411pt too wide) in paragraph at lines 555--555
\TU/lmr/bx/n/10.95 100|  
 []


Overfull \hbox (2.38966pt too wide) in paragraph at lines 563--564
[]|\TU/lmr/m/n/10.95 Yes|  
 []


Overfull \hbox (4.26529pt too wide) in paragraph at lines 564--565
[]|\TU/lmr/m/n/10.95 Yes|  
 []



[7

] [8] [9] [10]
Underfull \hbox (badness 10000) in paragraph at lines 575--578

 []



[11]

[12

]

[13]

[14]

[15

]

[16]

[17]

[18

]
Missing character: There is no  (U+251C) in font [lmmono10-regular]:!
Missing character: There is no  (U+2500) in font [lmmono10-regular]:!
Missing character: There is no  (U+251C) in font [lmmono10-regular]:!
Missing character: There is no  (U+2500) in font [lmmono10-regular]:!
Missing character: There is no  (U+251C) in font [lmmono10-regular]:!
Missing character: There is no  (U+2500) in font [lmmono10-regular]:!
Missing character: There is no  (U+2500) in font [lmmono10-regular]:!
Missing character: There is no  (U+251C) in font [lmmono10-regular]:!
Missing character: There is no  (U+2500) in font [lmmono10-regular]:!
Missing character: There is no  (U+251C) in font [lmmono10-regular]:!
Missing character: There is no  (U+2500) in font [lmmono10-regular]:!
Missing character: There is no  (U+251C) in font [lmmono10-regular]:!
Missing character: There is no  (U+2500) in font [lmmono10-regular]:!
Missing character: There is no  (U+2500) in font [lmmono10-regular]:!
Missing character: There is no  (U+2514) in font [lmmono10-regular]:!
Missing character: There is no  (U+2500) in font [lmmono10-regular]:!
Missing character: There is no  (U+2514) in font [lmmono10-regular]:!
Missing character: There is no  (U+2500) in font [lmmono10-regular]:!
Missing character: There is no  (U+2514) in font [lmmono10-regular]:!
Missing character: There is no  (U+2500) in font [lmmono10-regular]:!
Missing character: There is no  (U+2500) in font [lmmono10-regular]:!

Underfull \hbox (badness 7522) in paragraph at lines 1083--1088
[]\TU/lmr/m/n/10.95 In the \TU/lmr/bx/n/10.95 Anaconda Terminal \TU/lmr/m/n/10.95 write: \TU/lmtt/m/n/10.95 conda env create -n envs456 --file
 []


Overfull \hbox (187.36415pt too wide) in paragraph at lines 1101--1106
\TU/lmr/m/n/10.95 press enter. This, at least in Windows, should create a file to: \TU/lmtt/m/n/10.95 C:\Users\username\.jupyter\jupyter_server_config.py\TU/lmr/m/n/10.95 . 
 []


Underfull \hbox (badness 1728) in paragraph at lines 1106--1115
\TU/lmtt/m/n/10.95 c.ServerApp.root_dir\TU/lmr/m/n/10.95 , uncomment it by removing the and change it to
 []



[19]
Underfull \hbox (badness 1038) in paragraph at lines 1196--1202
[]\TU/lmr/m/n/10.95 Create a folder where you want to keep your work conducted throughout this
 []



[20]
Missing character: There is no  (U+251C) in font [lmmono10-regular]:!
Missing character: There is no  (U+2500) in font [lmmono10-regular]:!
Missing character: There is no  (U+251C) in font [lmmono10-regular]:!
Missing character: There is no  (U+2500) in font [lmmono10-regular]:!
Missing character: There is no  (U+251C) in font [lmmono10-regular]:!
Missing character: There is no  (U+2500) in font [lmmono10-regular]:!
Missing character: There is no  (U+2500) in font [lmmono10-regular]:!
Missing character: There is no  (U+251C) in font [lmmono10-regular]:!
Missing character: There is no  (U+2500) in font [lmmono10-regular]:!
Missing character: There is no  (U+251C) in font [lmmono10-regular]:!
Missing character: There is no  (U+2500) in font [lmmono10-regular]:!
Missing character: There is no  (U+251C) in font [lmmono10-regular]:!
Missing character: There is no  (U+2500) in font [lmmono10-regular]:!
Missing character: There is no  (U+2500) in font [lmmono10-regular]:!
Missing character: There is no  (U+2514) in font [lmmono10-regular]:!
Missing character: There is no  (U+2500) in font [lmmono10-regular]:!
Missing character: There is no  (U+2514) in font [lmmono10-regular]:!
Missing character: There is no  (U+2500) in font [lmmono10-regular]:!
Missing character: There is no  (U+2514) in font [lmmono10-regular]:!
Missing character: There is no  (U+2500) in font [lmmono10-regular]:!
Missing character: There is no  (U+2500) in font [lmmono10-regular]:!

Underfull \hbox (badness 1082) in paragraph at lines 1240--1248
[]\TU/lmr/m/n/10.95 In the \TU/lmr/bx/n/10.95 Terminal \TU/lmr/m/n/10.95 write \TU/lmtt/m/n/10.95 conda env create -n envs456 --file envs456.yml \TU/lmr/m/n/10.95 and
 []



[21]
chapter 1.


[22

]

[23]

[24]

[25]
LaTeX Font Info:    Font shape `TU/lmtt/bx/n' in size <12> not available
(Font)              Font shape `TU/lmtt/b/n' tried instead on input line 1620.


[26]

[27]

[28]

[29]

[30]

[31]
Underfull \hbox (badness 6001) in paragraph at lines 2071--2079
\TU/lmr/m/n/10.95 (adapted from http://www.naturalearthdata.com/downloads/110m-cultural-vectors/110m-
 []



[32]

[33]
Overfull \hbox (194.81136pt too wide) in paragraph at lines 2233--2236
[]\TU/lmr/m/n/10.95 And each of them can also be combined in multi-part geometries (See https://shapely.readthedocs.io/en/stable/manual.html#geometric-
 []


Overfull \hbox (37.41486pt too wide) in paragraph at lines 2249--2253
[]\TU/lmr/m/n/10.95 A dateset about cities in the world (adapted from http://www.naturalearthdata.com/downloads/110m-
 []


Underfull \hbox (badness 2088) in paragraph at lines 2249--2253
\TU/lmr/m/n/10.95 cultural-vectors/110m-populated-places/, zip file is available in the \TU/lmtt/m/n/10.95 /data \TU/lmr/m/n/10.95 directory),
 []



[34]
Overfull \hbox (2.7593pt too wide) in paragraph at lines 2344--2346
[]\TU/lmr/m/n/10.95 Those objects have similar functionality as geopandas objects (GeoDataFrame/GeoSeries).
 []


Underfull \hbox (badness 4899) in paragraph at lines 2350--2353
[]\TU/lmtt/m/n/10.95 single_shapely_object.distance(other_point) \TU/lmr/m/n/10.95 -> distance between two
 []


Underfull \hbox (badness 3019) in paragraph at lines 2353--2355
[]\TU/lmtt/m/n/10.95 geodataframe.distance(other_point) \TU/lmr/m/n/10.95 -> distance for each point in the
 []



[35]

[36]
chapter 2.

Overfull \hbox (42.01501pt too wide) in paragraph at lines 2417--2421
[]\TU/lmr/m/n/10.95 The administrative districts of Paris (https://opendata.paris.fr/explore/dataset/quartier_paris/):
 []


Overfull \hbox (7.98785pt too wide) in paragraph at lines 2421--2425
\TU/lmr/m/n/10.95 disponibilites-en-temps-reel/information/): \TU/lmtt/m/n/10.95 data/paris_bike_stations_mercator.gpkg 
 []



[37

]
Overfull \hbox (177.95049pt too wide) in paragraph at lines 2552--2554
[]\TU/lmr/m/n/10.95 For an in-depth explanation, see https://docs.qgis.org/2.8/en/docs/gentle_gis_introduction/coordinate_reference_systems.html 
 []



[38]
Missing character: There is no  (U+2032) in font [lmroman10-regular]:mapping=tex-text;!
Missing character: There is no  (U+2032) in font [lmroman10-regular]:mapping=tex-text;!


[39]
Overfull \hbox (12.13472pt too wide) in paragraph at lines 2657--2659
[]\TU/lmr/m/n/10.95 For example, lets convert the countries to the World Mercator projection (http://epsg.io/3395): 
 []


Underfull \hbox (badness 10000) in paragraph at lines 2680--2683

 []



[40]
Underfull \hbox (badness 1072) in paragraph at lines 2706--2709
[]\TU/lmr/m/n/10.95 Going back to the Paris districts dataset, this is now provided as a GeoJSON file
 []


Underfull \hbox (badness 2932) in paragraph at lines 2719--2723
[]\TU/lmr/m/n/10.95 Read the districts datasets (\TU/lmtt/m/n/10.95 ../data/paris_districts.geojson"\TU/lmr/m/n/10.95 ) into a Geo-
 []



[41]

[42]
chapter 3.


[43

]
Overfull \hbox (501.78351pt too wide) in paragraph at lines 2824--2824
[]\TU/lmtt/m/n/10.95 C:\Users\gfilo\AppData\Local\Temp\ipykernel_700\3815068564.py:11: UserWarning: Column names longer than 10 characters will be truncated when saved to ESRI Shapefile.[] 
 []

File: labs/w02_maps_files/figure-pdf/cell-5-output-1.png Graphic file (type bmp)
<labs/w02_maps_files/figure-pdf/cell-5-output-1.png>


[44]
File: labs/w02_maps_files/figure-pdf/cell-6-output-1.png Graphic file (type bmp)
<labs/w02_maps_files/figure-pdf/cell-6-output-1.png>


[45]
Overfull \hbox (9.58112pt too wide) in paragraph at lines 2859--2861
\TU/lmr/m/n/10.95 see providers and options here https://xyzservices.readthedocs.io/en/stable/introduction.html 
 []

File: labs/w02_maps_files/figure-pdf/cell-7-output-1.png Graphic file (type bmp)
<labs/w02_maps_files/figure-pdf/cell-7-output-1.png>


[46]

[47]
File: labs/w02_maps_files/figure-pdf/cell-9-output-1.png Graphic file (type bmp)
<labs/w02_maps_files/figure-pdf/cell-9-output-1.png>


[48]
File: labs/w02_maps_files/figure-pdf/cell-10-output-1.png Graphic file (type bmp)
<labs/w02_maps_files/figure-pdf/cell-10-output-1.png>
File: labs/w02_maps_files/figure-pdf/cell-11-output-2.png Graphic file (type bmp)
<labs/w02_maps_files/figure-pdf/cell-11-output-2.png>

Overfull \hbox (10.97221pt too wide) in paragraph at lines 2955--2956
[][] 
 []



[49]
File: labs/w02_maps_files/figure-pdf/cell-13-output-2.png Graphic file (type bmp)
<labs/w02_maps_files/figure-pdf/cell-13-output-2.png>


[50]
Overfull \hbox (3.53668pt too wide) in paragraph at lines 2995--2999
\TU/lmr/m/n/10.95 meet. See https://matplotlib.org/stable/gallery/lines_bars_and_markers/capstyle.html 
 []



[51]
File: labs/w02_maps_files/figure-pdf/cell-14-output-2.png Graphic file (type bmp)
<labs/w02_maps_files/figure-pdf/cell-14-output-2.png>


[52]

[53]
File: labs/w02_maps_files/figure-pdf/cell-16-output-1.png Graphic file (type bmp)
<labs/w02_maps_files/figure-pdf/cell-16-output-1.png>

Overfull \hbox (10.97609pt too wide) in paragraph at lines 3061--3062
[][] 
 []



[54]

[55]
File: labs/w02_maps_files/figure-pdf/cell-17-output-1.png Graphic file (type bmp)
<labs/w02_maps_files/figure-pdf/cell-17-output-1.png>


[56]
File: labs/w02_maps_files/figure-pdf/cell-19-output-1.png Graphic file (type bmp)
<labs/w02_maps_files/figure-pdf/cell-19-output-1.png>

Overfull \hbox (10.97609pt too wide) in paragraph at lines 3109--3110
[][] 
 []



[57]

[58]
File: labs/w02_maps_files/figure-pdf/cell-20-output-1.png Graphic file (type bmp)
<labs/w02_maps_files/figure-pdf/cell-20-output-1.png>

Overfull \hbox (10.96152pt too wide) in paragraph at lines 3129--3130
[][] 
 []



[59]
File: labs/w02_maps_files/figure-pdf/cell-21-output-1.png Graphic file (type bmp)
<labs/w02_maps_files/figure-pdf/cell-21-output-1.png>

Overfull \hbox (10.95732pt too wide) in paragraph at lines 3152--3153
[][] 
 []

File: labs/w02_maps_files/figure-pdf/cell-23-output-1.png Graphic file (type bmp)
<labs/w02_maps_files/figure-pdf/cell-23-output-1.png>

Overfull \hbox (10.97025pt too wide) in paragraph at lines 3184--3185
[][] 
 []



[60]

[61]
File: labs/w02_maps_files/figure-pdf/cell-26-output-2.png Graphic file (type bmp)
<labs/w02_maps_files/figure-pdf/cell-26-output-2.png>


[62]

[63]
File: labs/w02_maps_files/figure-pdf/cell-28-output-2.png Graphic file (type bmp)
<labs/w02_maps_files/figure-pdf/cell-28-output-2.png>


[64]
Overfull \hbox (68.82066pt too wide) in paragraph at lines 3320--3323
\TU/lmr/m/n/10.95 Built-in colour maps can be found here https://matplotlib.org/stable/gallery/color/colormap_reference.html.
 []

File: labs/w02_maps_files/figure-pdf/cell-29-output-1.png Graphic file (type bmp)
<labs/w02_maps_files/figure-pdf/cell-29-output-1.png>

Overfull \hbox (10.95732pt too wide) in paragraph at lines 3337--3338
[][] 
 []

File: labs/w02_maps_files/figure-pdf/cell-31-output-1.png Graphic file (type bmp)
<labs/w02_maps_files/figure-pdf/cell-31-output-1.png>


[65]
File: labs/w02_maps_files/figure-pdf/cell-33-output-2.png Graphic file (type bmp)
<labs/w02_maps_files/figure-pdf/cell-33-output-2.png>


[66]
Overfull \hbox (224.75952pt too wide) in paragraph at lines 3412--3415
[]\TU/lmr/m/n/10.95 Refer to https://geopandas.org/en/stable/gallery/choropleths.html and https://geographicdata.science/book/notebooks/05_choropleth.html
 []



[67]
File: labs/w02_maps_files/figure-pdf/cell-35-output-1.png Graphic file (type bmp)
<labs/w02_maps_files/figure-pdf/cell-35-output-1.png>

Overfull \hbox (10.96931pt too wide) in paragraph at lines 3495--3496
[][] 
 []

File: labs/w02_maps_files/figure-pdf/cell-35-output-2.png Graphic file (type bmp)
<labs/w02_maps_files/figure-pdf/cell-35-output-2.png>


[68]
Overfull \hbox (10.96931pt too wide) in paragraph at lines 3497--3498
[][] 
 []

File: labs/w02_maps_files/figure-pdf/cell-35-output-3.png Graphic file (type bmp)
<labs/w02_maps_files/figure-pdf/cell-35-output-3.png>


[69]
Overfull \hbox (10.96931pt too wide) in paragraph at lines 3499--3500
[][] 
 []



[70]

Package longtable Warning: Column widths have changed
(longtable)                in table 3.1 on input line 3532.

[71]

[72]
File: labs/w02_maps_files/figure-pdf/cell-38-output-1.png Graphic file (type bmp)
<labs/w02_maps_files/figure-pdf/cell-38-output-1.png>


[73]
File: labs/w02_maps_files/figure-pdf/cell-39-output-1.png Graphic file (type bmp)
<labs/w02_maps_files/figure-pdf/cell-39-output-1.png>


[74]

[75]
File: labs/w02_maps_files/figure-pdf/cell-41-output-1.png Graphic file (type bmp)
<labs/w02_maps_files/figure-pdf/cell-41-output-1.png>

Overfull \hbox (10.96295pt too wide) in paragraph at lines 3682--3683
[][] 
 []



[76]
File: labs/w02_maps_files/figure-pdf/cell-42-output-2.png Graphic file (type bmp)
<labs/w02_maps_files/figure-pdf/cell-42-output-2.png>


[77]

[78]
File: labs/w02_maps_files/figure-pdf/cell-45-output-1.png Graphic file (type bmp)
<labs/w02_maps_files/figure-pdf/cell-45-output-1.png>

Overfull \hbox (10.95953pt too wide) in paragraph at lines 3769--3770
[][] 
 []



[79]
Overfull \hbox (190.38966pt too wide) in paragraph at lines 3771--3777
\TU/lmr/m/n/10.95 alise. However, do have a look at https://matplotlib.org/stable/api/_as_gen/matplotlib.pyplot.legend.html#matplotlib.pyplot.legend
 []

File: labs/w02_maps_files/figure-pdf/cell-47-output-1.png Graphic file (type bmp)
<labs/w02_maps_files/figure-pdf/cell-47-output-1.png>

Overfull \hbox (10.95996pt too wide) in paragraph at lines 3794--3795
[][] 
 []



[80]
File: labs/w02_maps_files/figure-pdf/cell-48-output-1.png Graphic file (type bmp)
<labs/w02_maps_files/figure-pdf/cell-48-output-1.png>

Overfull \hbox (10.95439pt too wide) in paragraph at lines 3810--3811
[][] 
 []


Overfull \hbox (31.16911pt too wide) in paragraph at lines 3824--3826
\TU/lmr/m/n/10.95 You can obtain cartograms for \TU/lmtt/m/n/10.95 Polygon \TU/lmr/m/n/10.95 with \TU/lmtt/m/n/10.95 geoplot\TU/lmr/m/n/10.95 : see https://residentmario.github.io/geoplot/ 
 []



[81]
File: labs/w02_maps_files/figure-pdf/cell-49-output-1.png Graphic file (type bmp)
<labs/w02_maps_files/figure-pdf/cell-49-output-1.png>


[82]
File: labs/w02_maps_files/figure-pdf/cell-51-output-1.png Graphic file (type bmp)
<labs/w02_maps_files/figure-pdf/cell-51-output-1.png>


[83]

[84]
File: labs/w02_maps_files/figure-pdf/cell-55-output-1.png Graphic file (type bmp)
<labs/w02_maps_files/figure-pdf/cell-55-output-1.png>

Overfull \hbox (10.95732pt too wide) in paragraph at lines 3949--3950
[][] 
 []



[85]
File: labs/w02_maps_files/figure-pdf/cell-56-output-1.png Graphic file (type bmp)
<labs/w02_maps_files/figure-pdf/cell-56-output-1.png>

Overfull \hbox (10.94849pt too wide) in paragraph at lines 3970--3971
[][] 
 []



[86]

[87]
chapter 4.
LaTeX Font Info:    Font shape `TU/latinmodern-math.otf(1)/m/n' will be
(Font)              scaled to size 7.665pt on input line 4071.
LaTeX Font Info:    Font shape `TU/latinmodern-math.otf(1)/m/n' will be
(Font)              scaled to size 5.475pt on input line 4071.
LaTeX Font Info:    Font shape `TU/latinmodern-math.otf(2)/m/n' will be
(Font)              scaled to size 10.95099pt on input line 4071.
LaTeX Font Info:    Font shape `TU/latinmodern-math.otf(2)/m/n' will be
(Font)              scaled to size 7.66568pt on input line 4071.
LaTeX Font Info:    Font shape `TU/latinmodern-math.otf(2)/m/n' will be
(Font)              scaled to size 5.4755pt on input line 4071.
LaTeX Font Info:    Font shape `TU/latinmodern-math.otf(3)/m/n' will be
(Font)              scaled to size 10.94882pt on input line 4071.
LaTeX Font Info:    Font shape `TU/latinmodern-math.otf(3)/m/n' will be
(Font)              scaled to size 7.66417pt on input line 4071.
LaTeX Font Info:    Font shape `TU/latinmodern-math.otf(3)/m/n' will be
(Font)              scaled to size 5.47441pt on input line 4071.


[88

]
Underfull \hbox (badness 1681) in paragraph at lines 4139--4141
[]\TU/lmr/m/n/10.95 To get started working, set you Census API key. A key can be obtained from
 []



[89]

Package longtable Warning: Column widths have changed
(longtable)                in table 4.1 on input line 4223.

[90]
Overfull \hbox (981.10806pt too wide) in alignment at lines 4280--4287
 [] [] [] [] [] [] [] [] [] [] [] [] [] [] [] [] [] [] [] [] 
 []


Overfull \hbox (981.10806pt too wide) in alignment at lines 4287--4289
 [] [] [] [] [] [] [] [] [] [] [] [] [] [] [] [] [] [] [] [] 
 []


Overfull \hbox (1018.76512pt too wide) in alignment at lines 4289--4306
 [] [] [] [] [] [] [] [] [] [] [] [] [] [] [] [] [] [] [] [] 
 []


Package longtable Warning: Column widths have changed
(longtable)                in table 4.2 on input line 4306.

[91]

Package longtable Warning: Column widths have changed
(longtable)                in table 4.3 on input line 4347.

File: labs/w03_webArch_files/figure-pdf/cell-11-output-1.png Graphic file (type bmp)
<labs/w03_webArch_files/figure-pdf/cell-11-output-1.png>


[92]
File: labs/w03_webArch_files/figure-pdf/cell-12-output-1.png Graphic file (type bmp)
<labs/w03_webArch_files/figure-pdf/cell-12-output-1.png>

Overfull \hbox (10.95297pt too wide) in paragraph at lines 4382--4383
[][] 
 []



[93]

[94]
Overfull \hbox (7.39111pt too wide) in paragraph at lines 4467--4467
[]\TU/lmtt/m/n/10.95 Index([[]$type[], []id[], []url[], []commonName[], []placeType[], []additionalProperties[],[] 
 []



[95]
Overfull \hbox (122.40782pt too wide) in alignment at lines 4477--4482
 [] [] [] [] [] [] [] [] [] [] [] [] 
 []


Overfull \hbox (122.40782pt too wide) in alignment at lines 4482--4484
 [] [] [] [] [] [] [] [] [] [] [] [] 
 []


Overfull \hbox (768.87375pt too wide) in alignment at lines 4484--4511
 [] [] [] [] [] [] [] [] [] [] [] [] 
 []


Package longtable Warning: Column widths have changed
(longtable)                in table 4.4 on input line 4511.

File: labs/w03_webArch_files/figure-pdf/cell-16-output-2.png Graphic file (type bmp)
<labs/w03_webArch_files/figure-pdf/cell-16-output-2.png>

Overfull \hbox (10.96477pt too wide) in paragraph at lines 4542--4543
[][] 
 []



[96]

[97]
Overfull \hbox (10.91228pt too wide) in alignment at lines 4592--4599
 [] [] [] [] [] 
 []


Package longtable Warning: Column widths have changed
(longtable)                in table 4.5 on input line 4599.



[98]
LaTeX Font Info:    Font shape `TU/lmss/bx/it' in size <14.4> not available
(Font)              Font shape `TU/lmss/bx/sl' tried instead on input line 4656.


[99]

[100]
chapter 5.


[101

]

Package longtable Warning: Column widths have changed
(longtable)                in table 5.1 on input line 4865.



[102]

[103]
File: labs/w04_dataArch_files/figure-pdf/cell-9-output-1.png Graphic file (type bmp)
<labs/w04_dataArch_files/figure-pdf/cell-9-output-1.png>


[104]

[105]
! Undefined control sequence.
l.5077 ... (i.e.~if your data filepath was C:\envs
                                                  456\data, you 
Here is how much of TeX's memory you used:
 24513 strings out of 475785
 485105 string characters out of 5771065
 1193982 words of memory out of 5000000
 47124 multiletter control sequences out of 15000+600000
 565292 words of font info for 89 fonts, out of 8000000 for 9000
 36 hyphenation exceptions out of 8191
 108i,8n,114p,10900b,562s stack positions out of 10000i,1000n,20000p,200000b,200000s

Output written on index.pdf (105 pages).
